<?xml version="1.0" encoding="UTF-8"?>
<testsuite xmlns:xsi="http://www.w3.org/2001/XMLSchema-instance" xsi:noNamespaceSchemaLocation="https://maven.apache.org/surefire/maven-surefire-plugin/xsd/surefire-test-report.xsd" name="org.demo.springJdbcBookshop.AppTest" time="0.02" tests="1" errors="0" skipped="0" failures="0">
  <properties>
    <property name="java.specification.version" value="16"/>
    <property name="sun.jnu.encoding" value="UTF-8"/>
    <property name="java.class.path" value="/home/sulyvan/WorkEnv/bookshop/model_module/target/test-classes:/home/sulyvan/WorkEnv/bookshop/model_module/target/classes:/home/sulyvan/WorkEnv/Maven/repository/junit/junit/4.12/junit-4.12.jar:/home/sulyvan/WorkEnv/Maven/repository/org/hamcrest/hamcrest-core/2.2/hamcrest-core-2.2.jar:/home/sulyvan/WorkEnv/Maven/repository/org/hamcrest/hamcrest/2.2/hamcrest-2.2.jar:/home/sulyvan/WorkEnv/Maven/repository/org/projectlombok/lombok/1.18.20/lombok-1.18.20.jar:/home/sulyvan/WorkEnv/Maven/repository/org/springframework/spring-context/5.3.7/spring-context-5.3.7.jar:/home/sulyvan/WorkEnv/Maven/repository/org/springframework/spring-aop/5.3.7/spring-aop-5.3.7.jar:/home/sulyvan/WorkEnv/Maven/repository/org/springframework/spring-beans/5.3.7/spring-beans-5.3.7.jar:/home/sulyvan/WorkEnv/Maven/repository/org/springframework/spring-core/5.3.7/spring-core-5.3.7.jar:/home/sulyvan/WorkEnv/Maven/repository/org/springframework/spring-jcl/5.3.7/spring-jcl-5.3.7.jar:/home/sulyvan/WorkEnv/Maven/repository/org/springframework/spring-expression/5.3.7/spring-expression-5.3.7.jar:/home/sulyvan/WorkEnv/Maven/repository/org/springframework/spring-jdbc/5.3.7/spring-jdbc-5.3.7.jar:/home/sulyvan/WorkEnv/Maven/repository/org/springframework/spring-tx/5.3.7/spring-tx-5.3.7.jar:/home/sulyvan/WorkEnv/Maven/repository/mysql/mysql-connector-java/8.0.25/mysql-connector-java-8.0.25.jar:/home/sulyvan/WorkEnv/Maven/repository/com/google/protobuf/protobuf-java/3.11.4/protobuf-java-3.11.4.jar:/home/sulyvan/WorkEnv/Maven/repository/com/opencsv/opencsv/5.4/opencsv-5.4.jar:/home/sulyvan/WorkEnv/Maven/repository/org/apache/commons/commons-lang3/3.12.0/commons-lang3-3.12.0.jar:/home/sulyvan/WorkEnv/Maven/repository/org/apache/commons/commons-text/1.9/commons-text-1.9.jar:/home/sulyvan/WorkEnv/Maven/repository/commons-beanutils/commons-beanutils/1.9.4/commons-beanutils-1.9.4.jar:/home/sulyvan/WorkEnv/Maven/repository/commons-logging/commons-logging/1.2/commons-logging-1.2.jar:/home/sulyvan/WorkEnv/Maven/repository/commons-collections/commons-collections/3.2.2/commons-collections-3.2.2.jar:/home/sulyvan/WorkEnv/Maven/repository/org/apache/commons/commons-collections4/4.4/commons-collections4-4.4.jar:/home/sulyvan/WorkEnv/Maven/repository/ch/qos/logback/logback-classic/1.2.3/logback-classic-1.2.3.jar:/home/sulyvan/WorkEnv/Maven/repository/ch/qos/logback/logback-core/1.2.4/logback-core-1.2.4.jar:/home/sulyvan/WorkEnv/Maven/repository/org/slf4j/slf4j-api/1.7.32/slf4j-api-1.7.32.jar:/home/sulyvan/WorkEnv/Maven/repository/org/springframework/boot/spring-boot-starter/2.5.2/spring-boot-starter-2.5.2.jar:/home/sulyvan/WorkEnv/Maven/repository/org/springframework/boot/spring-boot/2.5.3/spring-boot-2.5.3.jar:/home/sulyvan/WorkEnv/Maven/repository/org/springframework/boot/spring-boot-autoconfigure/2.5.3/spring-boot-autoconfigure-2.5.3.jar:/home/sulyvan/WorkEnv/Maven/repository/org/springframework/boot/spring-boot-starter-logging/2.5.3/spring-boot-starter-logging-2.5.3.jar:/home/sulyvan/WorkEnv/Maven/repository/org/apache/logging/log4j/log4j-to-slf4j/2.14.1/log4j-to-slf4j-2.14.1.jar:/home/sulyvan/WorkEnv/Maven/repository/org/apache/logging/log4j/log4j-api/2.14.1/log4j-api-2.14.1.jar:/home/sulyvan/WorkEnv/Maven/repository/org/slf4j/jul-to-slf4j/1.7.32/jul-to-slf4j-1.7.32.jar:/home/sulyvan/WorkEnv/Maven/repository/jakarta/annotation/jakarta.annotation-api/1.3.5/jakarta.annotation-api-1.3.5.jar:/home/sulyvan/WorkEnv/Maven/repository/org/yaml/snakeyaml/1.28/snakeyaml-1.28.jar:/home/sulyvan/WorkEnv/Maven/repository/org/springframework/boot/spring-boot-starter-web/2.5.2/spring-boot-starter-web-2.5.2.jar:/home/sulyvan/WorkEnv/Maven/repository/org/springframework/boot/spring-boot-starter-json/2.5.3/spring-boot-starter-json-2.5.3.jar:/home/sulyvan/WorkEnv/Maven/repository/com/fasterxml/jackson/core/jackson-databind/2.12.4/jackson-databind-2.12.4.jar:/home/sulyvan/WorkEnv/Maven/repository/com/fasterxml/jackson/core/jackson-annotations/2.12.4/jackson-annotations-2.12.4.jar:/home/sulyvan/WorkEnv/Maven/repository/com/fasterxml/jackson/core/jackson-core/2.12.4/jackson-core-2.12.4.jar:/home/sulyvan/WorkEnv/Maven/repository/com/fasterxml/jackson/datatype/jackson-datatype-jdk8/2.12.4/jackson-datatype-jdk8-2.12.4.jar:/home/sulyvan/WorkEnv/Maven/repository/com/fasterxml/jackson/datatype/jackson-datatype-jsr310/2.12.4/jackson-datatype-jsr310-2.12.4.jar:/home/sulyvan/WorkEnv/Maven/repository/com/fasterxml/jackson/module/jackson-module-parameter-names/2.12.4/jackson-module-parameter-names-2.12.4.jar:/home/sulyvan/WorkEnv/Maven/repository/org/springframework/boot/spring-boot-starter-tomcat/2.5.3/spring-boot-starter-tomcat-2.5.3.jar:/home/sulyvan/WorkEnv/Maven/repository/org/apache/tomcat/embed/tomcat-embed-core/9.0.50/tomcat-embed-core-9.0.50.jar:/home/sulyvan/WorkEnv/Maven/repository/org/apache/tomcat/embed/tomcat-embed-el/9.0.50/tomcat-embed-el-9.0.50.jar:/home/sulyvan/WorkEnv/Maven/repository/org/apache/tomcat/embed/tomcat-embed-websocket/9.0.50/tomcat-embed-websocket-9.0.50.jar:/home/sulyvan/WorkEnv/Maven/repository/org/springframework/spring-web/5.3.8/spring-web-5.3.8.jar:/home/sulyvan/WorkEnv/Maven/repository/org/springframework/spring-webmvc/5.3.8/spring-webmvc-5.3.8.jar:/home/sulyvan/WorkEnv/Maven/repository/com/github/ulisesbocchio/jasypt-spring-boot-starter/2.1.1/jasypt-spring-boot-starter-2.1.1.jar:/home/sulyvan/WorkEnv/Maven/repository/com/github/ulisesbocchio/jasypt-spring-boot/2.1.1/jasypt-spring-boot-2.1.1.jar:/home/sulyvan/WorkEnv/Maven/repository/com/melloware/jasypt/1.9.4/jasypt-1.9.4.jar:/home/sulyvan/WorkEnv/Maven/repository/org/springframework/boot/spring-boot-starter-actuator/2.5.3/spring-boot-starter-actuator-2.5.3.jar:/home/sulyvan/WorkEnv/Maven/repository/org/springframework/boot/spring-boot-actuator-autoconfigure/2.5.3/spring-boot-actuator-autoconfigure-2.5.3.jar:/home/sulyvan/WorkEnv/Maven/repository/org/springframework/boot/spring-boot-actuator/2.5.3/spring-boot-actuator-2.5.3.jar:/home/sulyvan/WorkEnv/Maven/repository/io/micrometer/micrometer-core/1.7.2/micrometer-core-1.7.2.jar:/home/sulyvan/WorkEnv/Maven/repository/org/hdrhistogram/HdrHistogram/2.1.12/HdrHistogram-2.1.12.jar:/home/sulyvan/WorkEnv/Maven/repository/org/latencyutils/LatencyUtils/2.0.3/LatencyUtils-2.0.3.jar:/home/sulyvan/WorkEnv/Maven/repository/de/codecentric/spring-boot-admin-starter-client/2.4.3/spring-boot-admin-starter-client-2.4.3.jar:/home/sulyvan/WorkEnv/Maven/repository/de/codecentric/spring-boot-admin-client/2.4.3/spring-boot-admin-client-2.4.3.jar:"/>
    <property name="java.vm.vendor" value="Oracle Corporation"/>
    <property name="sun.arch.data.model" value="64"/>
    <property name="java.vendor.url" value="https://java.oracle.com/"/>
    <property name="os.name" value="Linux"/>
    <property name="java.vm.specification.version" value="16"/>
    <property name="sun.java.launcher" value="SUN_STANDARD"/>
    <property name="user.country" value="US"/>
    <property name="sun.boot.library.path" value="/home/sulyvan/.jdks/openjdk-16.0.1/lib"/>
    <property name="sun.java.command" value="/home/sulyvan/WorkEnv/bookshop/model_module/target/surefire/surefirebooter18141570562117067942.jar /home/sulyvan/WorkEnv/bookshop/model_module/target/surefire 2021-08-08T12-28-08_168-jvmRun1 surefire4208560860556527683tmp surefire_05137620924077298688tmp"/>
    <property name="jdk.debug" value="release"/>
    <property name="surefire.test.class.path" value="/home/sulyvan/WorkEnv/bookshop/model_module/target/test-classes:/home/sulyvan/WorkEnv/bookshop/model_module/target/classes:/home/sulyvan/WorkEnv/Maven/repository/junit/junit/4.12/junit-4.12.jar:/home/sulyvan/WorkEnv/Maven/repository/org/hamcrest/hamcrest-core/2.2/hamcrest-core-2.2.jar:/home/sulyvan/WorkEnv/Maven/repository/org/hamcrest/hamcrest/2.2/hamcrest-2.2.jar:/home/sulyvan/WorkEnv/Maven/repository/org/projectlombok/lombok/1.18.20/lombok-1.18.20.jar:/home/sulyvan/WorkEnv/Maven/repository/org/springframework/spring-context/5.3.7/spring-context-5.3.7.jar:/home/sulyvan/WorkEnv/Maven/repository/org/springframework/spring-aop/5.3.7/spring-aop-5.3.7.jar:/home/sulyvan/WorkEnv/Maven/repository/org/springframework/spring-beans/5.3.7/spring-beans-5.3.7.jar:/home/sulyvan/WorkEnv/Maven/repository/org/springframework/spring-core/5.3.7/spring-core-5.3.7.jar:/home/sulyvan/WorkEnv/Maven/repository/org/springframework/spring-jcl/5.3.7/spring-jcl-5.3.7.jar:/home/sulyvan/WorkEnv/Maven/repository/org/springframework/spring-expression/5.3.7/spring-expression-5.3.7.jar:/home/sulyvan/WorkEnv/Maven/repository/org/springframework/spring-jdbc/5.3.7/spring-jdbc-5.3.7.jar:/home/sulyvan/WorkEnv/Maven/repository/org/springframework/spring-tx/5.3.7/spring-tx-5.3.7.jar:/home/sulyvan/WorkEnv/Maven/repository/mysql/mysql-connector-java/8.0.25/mysql-connector-java-8.0.25.jar:/home/sulyvan/WorkEnv/Maven/repository/com/google/protobuf/protobuf-java/3.11.4/protobuf-java-3.11.4.jar:/home/sulyvan/WorkEnv/Maven/repository/com/opencsv/opencsv/5.4/opencsv-5.4.jar:/home/sulyvan/WorkEnv/Maven/repository/org/apache/commons/commons-lang3/3.12.0/commons-lang3-3.12.0.jar:/home/sulyvan/WorkEnv/Maven/repository/org/apache/commons/commons-text/1.9/commons-text-1.9.jar:/home/sulyvan/WorkEnv/Maven/repository/commons-beanutils/commons-beanutils/1.9.4/commons-beanutils-1.9.4.jar:/home/sulyvan/WorkEnv/Maven/repository/commons-logging/commons-logging/1.2/commons-logging-1.2.jar:/home/sulyvan/WorkEnv/Maven/repository/commons-collections/commons-collections/3.2.2/commons-collections-3.2.2.jar:/home/sulyvan/WorkEnv/Maven/repository/org/apache/commons/commons-collections4/4.4/commons-collections4-4.4.jar:/home/sulyvan/WorkEnv/Maven/repository/ch/qos/logback/logback-classic/1.2.3/logback-classic-1.2.3.jar:/home/sulyvan/WorkEnv/Maven/repository/ch/qos/logback/logback-core/1.2.4/logback-core-1.2.4.jar:/home/sulyvan/WorkEnv/Maven/repository/org/slf4j/slf4j-api/1.7.32/slf4j-api-1.7.32.jar:/home/sulyvan/WorkEnv/Maven/repository/org/springframework/boot/spring-boot-starter/2.5.2/spring-boot-starter-2.5.2.jar:/home/sulyvan/WorkEnv/Maven/repository/org/springframework/boot/spring-boot/2.5.3/spring-boot-2.5.3.jar:/home/sulyvan/WorkEnv/Maven/repository/org/springframework/boot/spring-boot-autoconfigure/2.5.3/spring-boot-autoconfigure-2.5.3.jar:/home/sulyvan/WorkEnv/Maven/repository/org/springframework/boot/spring-boot-starter-logging/2.5.3/spring-boot-starter-logging-2.5.3.jar:/home/sulyvan/WorkEnv/Maven/repository/org/apache/logging/log4j/log4j-to-slf4j/2.14.1/log4j-to-slf4j-2.14.1.jar:/home/sulyvan/WorkEnv/Maven/repository/org/apache/logging/log4j/log4j-api/2.14.1/log4j-api-2.14.1.jar:/home/sulyvan/WorkEnv/Maven/repository/org/slf4j/jul-to-slf4j/1.7.32/jul-to-slf4j-1.7.32.jar:/home/sulyvan/WorkEnv/Maven/repository/jakarta/annotation/jakarta.annotation-api/1.3.5/jakarta.annotation-api-1.3.5.jar:/home/sulyvan/WorkEnv/Maven/repository/org/yaml/snakeyaml/1.28/snakeyaml-1.28.jar:/home/sulyvan/WorkEnv/Maven/repository/org/springframework/boot/spring-boot-starter-web/2.5.2/spring-boot-starter-web-2.5.2.jar:/home/sulyvan/WorkEnv/Maven/repository/org/springframework/boot/spring-boot-starter-json/2.5.3/spring-boot-starter-json-2.5.3.jar:/home/sulyvan/WorkEnv/Maven/repository/com/fasterxml/jackson/core/jackson-databind/2.12.4/jackson-databind-2.12.4.jar:/home/sulyvan/WorkEnv/Maven/repository/com/fasterxml/jackson/core/jackson-annotations/2.12.4/jackson-annotations-2.12.4.jar:/home/sulyvan/WorkEnv/Maven/repository/com/fasterxml/jackson/core/jackson-core/2.12.4/jackson-core-2.12.4.jar:/home/sulyvan/WorkEnv/Maven/repository/com/fasterxml/jackson/datatype/jackson-datatype-jdk8/2.12.4/jackson-datatype-jdk8-2.12.4.jar:/home/sulyvan/WorkEnv/Maven/repository/com/fasterxml/jackson/datatype/jackson-datatype-jsr310/2.12.4/jackson-datatype-jsr310-2.12.4.jar:/home/sulyvan/WorkEnv/Maven/repository/com/fasterxml/jackson/module/jackson-module-parameter-names/2.12.4/jackson-module-parameter-names-2.12.4.jar:/home/sulyvan/WorkEnv/Maven/repository/org/springframework/boot/spring-boot-starter-tomcat/2.5.3/spring-boot-starter-tomcat-2.5.3.jar:/home/sulyvan/WorkEnv/Maven/repository/org/apache/tomcat/embed/tomcat-embed-core/9.0.50/tomcat-embed-core-9.0.50.jar:/home/sulyvan/WorkEnv/Maven/repository/org/apache/tomcat/embed/tomcat-embed-el/9.0.50/tomcat-embed-el-9.0.50.jar:/home/sulyvan/WorkEnv/Maven/repository/org/apache/tomcat/embed/tomcat-embed-websocket/9.0.50/tomcat-embed-websocket-9.0.50.jar:/home/sulyvan/WorkEnv/Maven/repository/org/springframework/spring-web/5.3.8/spring-web-5.3.8.jar:/home/sulyvan/WorkEnv/Maven/repository/org/springframework/spring-webmvc/5.3.8/spring-webmvc-5.3.8.jar:/home/sulyvan/WorkEnv/Maven/repository/com/github/ulisesbocchio/jasypt-spring-boot-starter/2.1.1/jasypt-spring-boot-starter-2.1.1.jar:/home/sulyvan/WorkEnv/Maven/repository/com/github/ulisesbocchio/jasypt-spring-boot/2.1.1/jasypt-spring-boot-2.1.1.jar:/home/sulyvan/WorkEnv/Maven/repository/com/melloware/jasypt/1.9.4/jasypt-1.9.4.jar:/home/sulyvan/WorkEnv/Maven/repository/org/springframework/boot/spring-boot-starter-actuator/2.5.3/spring-boot-starter-actuator-2.5.3.jar:/home/sulyvan/WorkEnv/Maven/repository/org/springframework/boot/spring-boot-actuator-autoconfigure/2.5.3/spring-boot-actuator-autoconfigure-2.5.3.jar:/home/sulyvan/WorkEnv/Maven/repository/org/springframework/boot/spring-boot-actuator/2.5.3/spring-boot-actuator-2.5.3.jar:/home/sulyvan/WorkEnv/Maven/repository/io/micrometer/micrometer-core/1.7.2/micrometer-core-1.7.2.jar:/home/sulyvan/WorkEnv/Maven/repository/org/hdrhistogram/HdrHistogram/2.1.12/HdrHistogram-2.1.12.jar:/home/sulyvan/WorkEnv/Maven/repository/org/latencyutils/LatencyUtils/2.0.3/LatencyUtils-2.0.3.jar:/home/sulyvan/WorkEnv/Maven/repository/de/codecentric/spring-boot-admin-starter-client/2.4.3/spring-boot-admin-starter-client-2.4.3.jar:/home/sulyvan/WorkEnv/Maven/repository/de/codecentric/spring-boot-admin-client/2.4.3/spring-boot-admin-client-2.4.3.jar:"/>
    <property name="sun.cpu.endian" value="little"/>
    <property name="user.home" value="/home/sulyvan"/>
    <property name="user.language" value="en"/>
    <property name="java.specification.vendor" value="Oracle Corporation"/>
    <property name="java.version.date" value="2021-04-20"/>
    <property name="java.home" value="/home/sulyvan/.jdks/openjdk-16.0.1"/>
    <property name="file.separator" value="/"/>
    <property name="basedir" value="/home/sulyvan/WorkEnv/bookshop/model_module"/>
    <property name="java.vm.compressedOopsMode" value="Zero based"/>
    <property name="line.separator" value="&#10;"/>
    <property name="java.vm.specification.vendor" value="Oracle Corporation"/>
    <property name="java.specification.name" value="Java Platform API Specification"/>
    <property name="surefire.real.class.path" value="/home/sulyvan/WorkEnv/bookshop/model_module/target/surefire/surefirebooter18141570562117067942.jar"/>
    <property name="sun.management.compiler" value="HotSpot 64-Bit Tiered Compilers"/>
    <property name="java.runtime.version" value="16.0.1+9-24"/>
    <property name="user.name" value="sulyvan"/>
    <property name="path.separator" value=":"/>
    <property name="os.version" value="5.8.0-63-generic"/>
    <property name="java.runtime.name" value="OpenJDK Runtime Environment"/>
    <property name="file.encoding" value="UTF-8"/>
    <property name="java.vm.name" value="OpenJDK 64-Bit Server VM"/>
    <property name="localRepository" value="/home/sulyvan/WorkEnv/Maven/repository"/>
    <property name="java.vendor.url.bug" value="https://bugreport.java.com/bugreport/"/>
    <property name="java.io.tmpdir" value="/tmp"/>
    <property name="java.version" value="16.0.1"/>
    <property name="user.dir" value="/home/sulyvan/WorkEnv/bookshop/model_module"/>
    <property name="os.arch" value="amd64"/>
    <property name="java.vm.specification.name" value="Java Virtual Machine Specification"/>
    <property name="java.library.path" value="/usr/java/packages/lib:/usr/lib64:/lib64:/lib:/usr/lib"/>
    <property name="java.vm.info" value="mixed mode, sharing"/>
    <property name="java.vendor" value="Oracle Corporation"/>
    <property name="java.vm.version" value="16.0.1+9-24"/>
    <property name="sun.io.unicode.encoding" value="UnicodeLittle"/>
    <property name="java.class.version" value="60.0"/>
  </properties>
  <testcase name="testApp" classname="org.demo.springJdbcBookshop.AppTest" time="0.002"/>
</testsuite>